<?xml version="1.0" encoding="UTF-8"?>
<testng-results ignored="0" total="1" passed="1" failed="0" skipped="0">
  <reporter-output>
  </reporter-output>
  <suite started-at="2024-05-10T08:11:38 IST" name="Default suite" finished-at="2024-05-10T08:13:34 IST" duration-ms="116196">
    <groups>
    </groups>
    <test started-at="2024-05-10T08:11:38 IST" name="Default test" finished-at="2024-05-10T08:13:34 IST" duration-ms="116196">
      <class name="Testcases.Testcase1">
        <test-method signature="testcase()[pri:0, instance:Testcases.Testcase1@4da4253]" started-at="2024-05-10T08:11:38 IST" name="testcase" finished-at="2024-05-10T08:13:34 IST" duration-ms="116171" status="PASS">
          <reporter-output>
          </reporter-output>
        </test-method> <!-- testcase -->
      </class> <!-- Testcases.Testcase1 -->
    </test> <!-- Default test -->
  </suite> <!-- Default suite -->
</testng-results>
